[debug] [2021-09-11T04:29:39.588Z] ----------------------------------------------------------------------
[debug] [2021-09-11T04:29:39.591Z] Command:       /usr/local/bin/node /usr/local/bin/firebase deploy
[debug] [2021-09-11T04:29:39.592Z] CLI Version:   9.18.0
[debug] [2021-09-11T04:29:39.593Z] Platform:      darwin
[debug] [2021-09-11T04:29:39.593Z] Node Version:  v16.4.2
[debug] [2021-09-11T04:29:39.612Z] Time:          Sat Sep 11 2021 09:59:39 GMT+0530 (India Standard Time)
[debug] [2021-09-11T04:29:39.613Z] ----------------------------------------------------------------------
[debug] 
[debug] [2021-09-11T04:29:39.732Z] > command requires scopes: ["email","openid","https://www.googleapis.com/auth/cloudplatformprojects.readonly","https://www.googleapis.com/auth/firebase","https://www.googleapis.com/auth/cloud-platform"]
[debug] [2021-09-11T04:29:39.735Z] > authorizing via signed-in user (sutharm8000@gmail.com)
[debug] [2021-09-11T04:29:39.735Z] [iam] checking project mobify-63b8c for permissions ["firebase.projects.get","firebasehosting.sites.update"]
[debug] [2021-09-11T04:29:39.746Z] > refreshing access token with scopes: ["email","https://www.googleapis.com/auth/cloud-platform","https://www.googleapis.com/auth/cloudplatformprojects.readonly","https://www.googleapis.com/auth/firebase","openid"]
[debug] [2021-09-11T04:29:39.747Z] >>> HTTP REQUEST POST https://www.googleapis.com/oauth2/v3/token  
 <request body omitted>
[debug] [2021-09-11T04:30:09.866Z] [iam] error while checking permissions, command may fail: FirebaseError: Authentication Error: Your credentials are no longer valid. Please run firebase login --reauth

For CI servers and headless environments, generate a new token with firebase login:ci
[debug] [2021-09-11T04:30:09.877Z] > refreshing access token with scopes: []
[debug] [2021-09-11T04:30:09.878Z] >>> HTTP REQUEST POST https://www.googleapis.com/oauth2/v3/token  
 <request body omitted>
[debug] [2021-09-11T04:30:39.920Z] Authentication Error: Your credentials are no longer valid. Please run firebase login --reauth

For CI servers and headless environments, generate a new token with firebase login:ci
[debug] [2021-09-11T04:31:10.295Z] FirebaseError: Authentication Error: Your credentials are no longer valid. Please run firebase login --reauth

For CI servers and headless environments, generate a new token with firebase login:ci
    at invalidCredentialError (/usr/local/lib/node_modules/firebase-tools/lib/auth.js:141:12)
    at refreshTokens (/usr/local/lib/node_modules/firebase-tools/lib/auth.js:448:15)
    at processTicksAndRejections (node:internal/process/task_queues:96:5)
    at async Client.getAccessToken (/usr/local/lib/node_modules/firebase-tools/lib/apiv2.js:144:23)
    at async Client.addAuthHeader (/usr/local/lib/node_modules/firebase-tools/lib/apiv2.js:135:21)
    at async Client.request (/usr/local/lib/node_modules/firebase-tools/lib/apiv2.js:93:34)
    at async Object.getFirebaseProject (/usr/local/lib/node_modules/firebase-tools/lib/management/projects.js:290:21)
    at async Object.getDefaultHostingSite (/usr/local/lib/node_modules/firebase-tools/lib/getDefaultHostingSite.js:8:21)
    at async requireHostingSite (/usr/local/lib/node_modules/firebase-tools/lib/requireHostingSite.js:9:18)
    at async Object.fn (/usr/local/lib/node_modules/firebase-tools/lib/commands/deploy.js:65:9)
    at async /usr/local/lib/node_modules/firebase-tools/lib/command.js:188:17
[error] 
[error] Error: Failed to get Firebase project mobify-63b8c. Please make sure the project exists and your account has permission to access it.
[debug] [2021-09-11T04:32:26.140Z] ----------------------------------------------------------------------
[debug] [2021-09-11T04:32:26.145Z] Command:       /usr/local/bin/node /usr/local/bin/firebase init
[debug] [2021-09-11T04:32:26.146Z] CLI Version:   9.18.0
[debug] [2021-09-11T04:32:26.146Z] Platform:      darwin
[debug] [2021-09-11T04:32:26.146Z] Node Version:  v16.4.2
[debug] [2021-09-11T04:32:26.160Z] Time:          Sat Sep 11 2021 10:02:26 GMT+0530 (India Standard Time)
[debug] [2021-09-11T04:32:26.161Z] ----------------------------------------------------------------------
[debug] 
[debug] [2021-09-11T04:32:26.256Z] > command requires scopes: ["email","openid","https://www.googleapis.com/auth/cloudplatformprojects.readonly","https://www.googleapis.com/auth/firebase","https://www.googleapis.com/auth/cloud-platform"]
[debug] [2021-09-11T04:32:26.256Z] > authorizing via signed-in user (sutharm8000@gmail.com)
[info] 
     ######## #### ########  ######## ########     ###     ######  ########
     ##        ##  ##     ## ##       ##     ##  ##   ##  ##       ##
     ######    ##  ########  ######   ########  #########  ######  ######
     ##        ##  ##    ##  ##       ##     ## ##     ##       ## ##
     ##       #### ##     ## ######## ########  ##     ##  ######  ########

You're about to initialize a Firebase project in this directory:

  /Users/admin/Desktop/office/mobify/client

Before we get started, keep in mind:

  * You are initializing within an existing Firebase project directory

[info] 
=== Project Setup
[info] 
[info] First, let's associate this project directory with a Firebase project.
[info] You can create multiple project aliases by running firebase use --add, 
[info] but for now we'll just set up a default project.
[info] 
[info] i  .firebaserc already has a default project, using mobify-63b8c. 
[debug] [2021-09-11T04:32:33.392Z] > refreshing access token with scopes: []
[debug] [2021-09-11T04:32:33.393Z] >>> HTTP REQUEST POST https://www.googleapis.com/oauth2/v3/token  
 <request body omitted>
[debug] [2021-09-11T04:33:03.506Z] Authentication Error: Your credentials are no longer valid. Please run firebase login --reauth

For CI servers and headless environments, generate a new token with firebase login:ci
[debug] [2021-09-11T04:33:33.527Z] FirebaseError: Authentication Error: Your credentials are no longer valid. Please run firebase login --reauth

For CI servers and headless environments, generate a new token with firebase login:ci
    at invalidCredentialError (/usr/local/lib/node_modules/firebase-tools/lib/auth.js:141:12)
    at refreshTokens (/usr/local/lib/node_modules/firebase-tools/lib/auth.js:448:15)
    at processTicksAndRejections (node:internal/process/task_queues:96:5)
    at async Client.getAccessToken (/usr/local/lib/node_modules/firebase-tools/lib/apiv2.js:144:23)
    at async Client.addAuthHeader (/usr/local/lib/node_modules/firebase-tools/lib/apiv2.js:135:21)
    at async Client.request (/usr/local/lib/node_modules/firebase-tools/lib/apiv2.js:93:34)
    at async Object.getFirebaseProject (/usr/local/lib/node_modules/firebase-tools/lib/management/projects.js:290:21)
    at async Object.doSetup [as project] (/usr/local/lib/node_modules/firebase-tools/lib/init/features/project.js:77:27)
    at async init (/usr/local/lib/node_modules/firebase-tools/lib/init/index.js:19:9)
[error] 
[error] Error: Failed to get Firebase project mobify-63b8c. Please make sure the project exists and your account has permission to access it.
[debug] [2021-09-11T04:33:37.365Z] ----------------------------------------------------------------------
[debug] [2021-09-11T04:33:37.368Z] Command:       /usr/local/bin/node /usr/local/bin/firebase init
[debug] [2021-09-11T04:33:37.369Z] CLI Version:   9.18.0
[debug] [2021-09-11T04:33:37.369Z] Platform:      darwin
[debug] [2021-09-11T04:33:37.369Z] Node Version:  v16.4.2
[debug] [2021-09-11T04:33:37.371Z] Time:          Sat Sep 11 2021 10:03:37 GMT+0530 (India Standard Time)
[debug] [2021-09-11T04:33:37.371Z] ----------------------------------------------------------------------
[debug] 
[debug] [2021-09-11T04:33:37.447Z] > command requires scopes: ["email","openid","https://www.googleapis.com/auth/cloudplatformprojects.readonly","https://www.googleapis.com/auth/firebase","https://www.googleapis.com/auth/cloud-platform"]
[debug] [2021-09-11T04:33:37.447Z] > authorizing via signed-in user (sutharm8000@gmail.com)
[info] 
     ######## #### ########  ######## ########     ###     ######  ########
     ##        ##  ##     ## ##       ##     ##  ##   ##  ##       ##
     ######    ##  ########  ######   ########  #########  ######  ######
     ##        ##  ##    ##  ##       ##     ## ##     ##       ## ##
     ##       #### ##     ## ######## ########  ##     ##  ######  ########

You're about to initialize a Firebase project in this directory:

  /Users/admin/Desktop/office/mobify/client

Before we get started, keep in mind:

  * You are initializing within an existing Firebase project directory

[info] 
=== Project Setup
[info] 
[info] First, let's associate this project directory with a Firebase project.
[info] You can create multiple project aliases by running firebase use --add, 
[info] but for now we'll just set up a default project.
[info] 
[info] i  .firebaserc already has a default project, using mobify-63b8c. 
[debug] [2021-09-11T04:33:59.881Z] > refreshing access token with scopes: []
[debug] [2021-09-11T04:33:59.881Z] >>> HTTP REQUEST POST https://www.googleapis.com/oauth2/v3/token  
 <request body omitted>
